# JRE version: OpenJDK Runtime Environment (8.0_181-b13) (build 1.8.0_181-8u181-b13-0ubuntu0.18.04.1-b13)
# Java VM: OpenJDK 64-Bit Server VM (25.181-b13 mixed mode linux-amd64 compressed oops)
Heap:
 PSYoungGen      total 845312K, used 9202K [0x000000076d200000, 0x00000007a3280000, 0x00000007c0000000)
  eden space 831488K, 0% used [0x000000076d200000,0x000000076d200000,0x000000079fe00000)
  from space 13824K, 66% used [0x000000079fe00000,0x00000007a06fc838,0x00000007a0b80000)
  to   space 13312K, 0% used [0x00000007a0b80000,0x00000007a0b80000,0x00000007a1880000)
 ParOldGen       total 133632K, used 27421K [0x00000006c7600000, 0x00000006cf880000, 0x000000076d200000)
  object space 133632K, 20% used [0x00000006c7600000,0x00000006c90c76f0,0x00000006cf880000)
 Metaspace       used 41745K, capacity 42184K, committed 42624K, reserved 1087488K
  class space    used 5029K, capacity 5162K, committed 5248K, reserved 1048576K
GC Heap History (10 events):
Event: 24.192 GC heap after
Heap after GC invocations=10 (full 1):
 PSYoungGen      total 515072K, used 7137K [0x000000076d200000, 0x0000000793700000, 0x00000007c0000000)
  eden space 507904K, 0% used [0x000000076d200000,0x000000076d200000,0x000000078c200000)
  from space 7168K, 99% used [0x000000078c200000,0x000000078c8f8778,0x000000078c900000)
  to   space 9216K, 0% used [0x0000000792e00000,0x0000000792e00000,0x0000000793700000)
 ParOldGen       total 93184K, used 9796K [0x00000006c7600000, 0x00000006cd100000, 0x000000076d200000)
  object space 93184K, 10% used [0x00000006c7600000,0x00000006c7f91180,0x00000006cd100000)
 Metaspace       used 27521K, capacity 27880K, committed 28032K, reserved 1073152K
  class space    used 3302K, capacity 3412K, committed 3456K, reserved 1048576K
}
Event: 48.460 GC heap before
{Heap before GC invocations=11 (full 1):
 PSYoungGen      total 515072K, used 515041K [0x000000076d200000, 0x0000000793700000, 0x00000007c0000000)
  eden space 507904K, 100% used [0x000000076d200000,0x000000078c200000,0x000000078c200000)
  from space 7168K, 99% used [0x000000078c200000,0x000000078c8f8778,0x000000078c900000)
  to   space 9216K, 0% used [0x0000000792e00000,0x0000000792e00000,0x0000000793700000)
 ParOldGen       total 93184K, used 9796K [0x00000006c7600000, 0x00000006cd100000, 0x000000076d200000)
  object space 93184K, 10% used [0x00000006c7600000,0x00000006c7f91180,0x00000006cd100000)
 Metaspace       used 33591K, capacity 33978K, committed 34176K, reserved 1079296K
  class space    used 4055K, capacity 4167K, committed 4224K, reserved 1048576K
Event: 48.481 GC heap after
Heap after GC invocations=11 (full 1):
 PSYoungGen      total 614400K, used 9202K [0x000000076d200000, 0x000000079a300000, 0x00000007c0000000)
  eden space 605184K, 0% used [0x000000076d200000,0x000000076d200000,0x0000000792100000)
  from space 9216K, 99% used [0x0000000792e00000,0x00000007936fcb90,0x0000000793700000)
  to   space 13312K, 0% used [0x0000000792100000,0x0000000792100000,0x0000000792e00000)
 ParOldGen       total 93184K, used 17958K [0x00000006c7600000, 0x00000006cd100000, 0x000000076d200000)
  object space 93184K, 19% used [0x00000006c7600000,0x00000006c8789830,0x00000006cd100000)
 Metaspace       used 33591K, capacity 33978K, committed 34176K, reserved 1079296K
  class space    used 4055K, capacity 4167K, committed 4224K, reserved 1048576K
}
Event: 50.499 GC heap before
{Heap before GC invocations=12 (full 1):
 PSYoungGen      total 614400K, used 230682K [0x000000076d200000, 0x000000079a300000, 0x00000007c0000000)
  eden space 605184K, 36% used [0x000000076d200000,0x000000077aa49f10,0x0000000792100000)
  from space 9216K, 99% used [0x0000000792e00000,0x00000007936fcb90,0x0000000793700000)
  to   space 13312K, 0% used [0x0000000792100000,0x0000000792100000,0x0000000792e00000)
 ParOldGen       total 93184K, used 17958K [0x00000006c7600000, 0x00000006cd100000, 0x000000076d200000)
  object space 93184K, 19% used [0x00000006c7600000,0x00000006c8789830,0x00000006cd100000)
 Metaspace       used 34934K, capacity 35290K, committed 35416K, reserved 1081344K
  class space    used 4200K, capacity 4327K, committed 4352K, reserved 1048576K
Event: 50.513 GC heap after
Heap after GC invocations=12 (full 1):
 PSYoungGen      total 618496K, used 2556K [0x000000076d200000, 0x00000007a1880000, 0x00000007c0000000)
  eden space 605184K, 0% used [0x000000076d200000,0x000000076d200000,0x0000000792100000)
  from space 13312K, 19% used [0x0000000792100000,0x000000079237f2a0,0x0000000792e00000)
  to   space 13312K, 0% used [0x00000007a0b80000,0x00000007a0b80000,0x00000007a1880000)
 ParOldGen       total 93184K, used 27116K [0x00000006c7600000, 0x00000006cd100000, 0x000000076d200000)
  object space 93184K, 29% used [0x00000006c7600000,0x00000006c907b328,0x00000006cd100000)
 Metaspace       used 34934K, capacity 35290K, committed 35416K, reserved 1081344K
  class space    used 4200K, capacity 4327K, committed 4352K, reserved 1048576K
}
Event: 50.513 GC heap before
{Heap before GC invocations=13 (full 2):
 PSYoungGen      total 618496K, used 2556K [0x000000076d200000, 0x00000007a1880000, 0x00000007c0000000)
  eden space 605184K, 0% used [0x000000076d200000,0x000000076d200000,0x0000000792100000)
  from space 13312K, 19% used [0x0000000792100000,0x000000079237f2a0,0x0000000792e00000)
  to   space 13312K, 0% used [0x00000007a0b80000,0x00000007a0b80000,0x00000007a1880000)
 ParOldGen       total 93184K, used 27116K [0x00000006c7600000, 0x00000006cd100000, 0x000000076d200000)
  object space 93184K, 29% used [0x00000006c7600000,0x00000006c907b328,0x00000006cd100000)
 Metaspace       used 34934K, capacity 35290K, committed 35416K, reserved 1081344K
  class space    used 4200K, capacity 4327K, committed 4352K, reserved 1048576K
Event: 50.578 GC heap after
Heap after GC invocations=13 (full 2):
 PSYoungGen      total 618496K, used 0K [0x000000076d200000, 0x00000007a1880000, 0x00000007c0000000)
  eden space 605184K, 0% used [0x000000076d200000,0x000000076d200000,0x0000000792100000)
  from space 13312K, 0% used [0x0000000792100000,0x0000000792100000,0x0000000792e00000)
  to   space 13312K, 0% used [0x00000007a0b80000,0x00000007a0b80000,0x00000007a1880000)
 ParOldGen       total 133632K, used 20782K [0x00000006c7600000, 0x00000006cf880000, 0x000000076d200000)
  object space 133632K, 15% used [0x00000006c7600000,0x00000006c8a4b820,0x00000006cf880000)
 Metaspace       used 34934K, capacity 35290K, committed 35416K, reserved 1081344K
  class space    used 4200K, capacity 4327K, committed 4352K, reserved 1048576K
}
Event: 60.776 GC heap before
{Heap before GC invocations=14 (full 2):
 PSYoungGen      total 618496K, used 605184K [0x000000076d200000, 0x00000007a1880000, 0x00000007c0000000)
  eden space 605184K, 100% used [0x000000076d200000,0x0000000792100000,0x0000000792100000)
  from space 13312K, 0% used [0x0000000792100000,0x0000000792100000,0x0000000792e00000)
  to   space 13312K, 0% used [0x00000007a0b80000,0x00000007a0b80000,0x00000007a1880000)
 ParOldGen       total 133632K, used 20782K [0x00000006c7600000, 0x00000006cf880000, 0x000000076d200000)
  object space 133632K, 15% used [0x00000006c7600000,0x00000006c8a4b820,0x00000006cf880000)
 Metaspace       used 38786K, capacity 39258K, committed 39424K, reserved 1083392K
  class space    used 4628K, capacity 4771K, committed 4864K, reserved 1048576K
Event: 60.796 GC heap after
Heap after GC invocations=14 (full 2):
 PSYoungGen      total 844800K, used 9193K [0x000000076d200000, 0x00000007a3280000, 0x00000007c0000000)
  eden space 831488K, 0% used [0x000000076d200000,0x000000076d200000,0x000000079fe00000)
  from space 13312K, 69% used [0x00000007a0b80000,0x00000007a147a710,0x00000007a1880000)
  to   space 13824K, 0% used [0x000000079fe00000,0x000000079fe00000,0x00000007a0b80000)
 ParOldGen       total 133632K, used 20790K [0x00000006c7600000, 0x00000006cf880000, 0x000000076d200000)
  object space 133632K, 15% used [0x00000006c7600000,0x00000006c8a4d820,0x00000006cf880000)
 Metaspace       used 38786K, capacity 39258K, committed 39424K, reserved 1083392K
  class space    used 4628K, capacity 4771K, committed 4864K, reserved 1048576K
}
Event: 72.198 GC heap before
{Heap before GC invocations=15 (full 2):
 PSYoungGen      total 844800K, used 840681K [0x000000076d200000, 0x00000007a3280000, 0x00000007c0000000)
  eden space 831488K, 100% used [0x000000076d200000,0x000000079fe00000,0x000000079fe00000)
  from space 13312K, 69% used [0x00000007a0b80000,0x00000007a147a710,0x00000007a1880000)
  to   space 13824K, 0% used [0x000000079fe00000,0x000000079fe00000,0x00000007a0b80000)
 ParOldGen       total 133632K, used 20790K [0x00000006c7600000, 0x00000006cf880000, 0x000000076d200000)
  object space 133632K, 15% used [0x00000006c7600000,0x00000006c8a4d820,0x00000006cf880000)
 Metaspace       used 41745K, capacity 42184K, committed 42624K, reserved 1087488K
  class space    used 5029K, capacity 5162K, committed 5248K, reserved 1048576K

